2026-07-16 18:40:47,044 | INFO | Downloading RELIANCE.NS
2026-07-16 18:40:49,653 | INFO | 1425 candles downloaded
2026-07-16 18:48:01,176 | INFO | Downloading RELIANCE.NS...
2026-07-16 18:48:02,084 | INFO | Downloaded 1425 candles
2026-07-16 18:57:23,831 | INFO | Downloading HDFCBANK.NS...
2026-07-16 18:57:24,859 | INFO | Downloaded 1425 candles
2026-07-16 18:57:24,943 | INFO | Downloading ICICIBANK.NS...
2026-07-16 18:57:25,275 | INFO | Downloaded 1425 candles
2026-07-16 18:57:25,367 | INFO | Downloading SBIN.NS...
2026-07-16 18:57:25,675 | INFO | Downloaded 1425 candles
2026-07-16 18:57:25,766 | INFO | Downloading INFY.NS...
2026-07-16 18:57:26,162 | INFO | Downloaded 1425 candles
2026-07-16 18:57:26,252 | INFO | Downloading TCS.NS...
2026-07-16 18:57:26,678 | INFO | Downloaded 1425 candles
2026-07-16 18:57:26,773 | INFO | Downloading LT.NS...
2026-07-16 18:57:27,221 | INFO | Downloaded 1425 candles
2026-07-16 18:57:27,313 | INFO | Downloading AXISBANK.NS...
2026-07-16 18:57:27,659 | INFO | Downloaded 1425 candles
2026-07-16 18:57:27,749 | INFO | Downloading BHARTIARTL.NS...
2026-07-16 18:57:28,159 | INFO | Downloaded 1425 candles
2026-07-16 18:57:28,263 | INFO | Downloading ITC.NS...
2026-07-16 18:57:28,587 | INFO | Downloaded 1425 candles
2026-07-16 18:57:28,637 | INFO | Downloading KOTAKBANK.NS...
2026-07-16 18:57:28,951 | INFO | Downloaded 1425 candles
2026-07-16 18:57:29,039 | INFO | Downloading MARUTI.NS...
2026-07-16 18:57:29,352 | INFO | Downloaded 1425 candles
2026-07-16 18:57:29,407 | INFO | Downloading SUNPHARMA.NS...
2026-07-16 18:57:29,684 | INFO | Downloaded 1425 candles
2026-07-16 18:57:29,770 | INFO | Downloading HCLTECH.NS...
2026-07-16 18:57:30,382 | INFO | Downloaded 1425 candles
2026-07-16 18:57:30,468 | INFO | Downloading ULTRACEMCO.NS...
2026-07-16 18:57:30,892 | INFO | Downloaded 1425 candles
2026-07-16 18:57:30,946 | INFO | Downloading TITAN.NS...
2026-07-16 18:57:31,433 | INFO | Downloaded 1425 candles
2026-07-16 18:57:31,486 | INFO | Downloading NTPC.NS...
2026-07-16 18:57:31,967 | INFO | Downloaded 1425 candles
2026-07-16 18:57:32,021 | INFO | Downloading POWERGRID.NS...
2026-07-16 18:57:32,645 | INFO | Downloaded 1425 candles
2026-07-16 18:57:32,697 | INFO | Downloading ASIANPAINT.NS...
2026-07-16 18:57:33,028 | INFO | Downloaded 1425 candles
2026-07-16 18:57:33,118 | INFO | Downloading BAJFINANCE.NS...
2026-07-16 18:57:33,424 | INFO | Downloaded 1425 candles
